2014/04/27 18:55:22 [warning] [application] Failed to set unsafe attribute "judul" of "Publikasi".
in D:\xampp\htdocs\propensi\protected\controllers\PublikasiController.php (72)
in D:\xampp\htdocs\propensi\index.php (13)
2014/04/27 18:57:51 [warning] [application] Failed to set unsafe attribute "judul" of "Publikasi".
in D:\xampp\htdocs\propensi\protected\controllers\PublikasiController.php (72)
in D:\xampp\htdocs\propensi\index.php (13)
2014/04/27 18:58:54 [warning] [application] Failed to set unsafe attribute "judul" of "Publikasi".
in D:\xampp\htdocs\propensi\protected\controllers\PublikasiController.php (72)
in D:\xampp\htdocs\propensi\index.php (13)
2014/04/27 18:59:14 [warning] [application] Failed to set unsafe attribute "judul" of "Publikasi".
in D:\xampp\htdocs\propensi\protected\controllers\PublikasiController.php (72)
in D:\xampp\htdocs\propensi\index.php (13)
2014/04/27 18:59:30 [warning] [application] Failed to set unsafe attribute "judul" of "Publikasi".
in D:\xampp\htdocs\propensi\protected\controllers\PublikasiController.php (72)
in D:\xampp\htdocs\propensi\index.php (13)
2014/04/27 18:59:55 [warning] [application] Failed to set unsafe attribute "judul" of "Publikasi".
in D:\xampp\htdocs\propensi\protected\controllers\PublikasiController.php (72)
in D:\xampp\htdocs\propensi\index.php (13)
2014/04/27 19:00:05 [warning] [application] Failed to set unsafe attribute "judul" of "Publikasi".
in D:\xampp\htdocs\propensi\protected\controllers\PublikasiController.php (72)
in D:\xampp\htdocs\propensi\index.php (13)
2014/04/27 19:15:03 [error] [exception.CHttpException.403] exception 'CHttpException' with message 'You cannot update this publication' in D:\xampp\htdocs\propensi\protected\controllers\PublikasiController.php:111
Stack trace:
#0 [internal function]: PublikasiController->actionUpdate('2')
#1 D:\xampp\htdocs\propensi\framework\web\actions\CAction.php(108): ReflectionMethod->invokeArgs(Object(PublikasiController), Array)
#2 D:\xampp\htdocs\propensi\framework\web\actions\CInlineAction.php(47): CAction->runWithParamsInternal(Object(PublikasiController), Object(ReflectionMethod), Array)
#3 D:\xampp\htdocs\propensi\framework\web\CController.php(308): CInlineAction->runWithParams(Array)
#4 D:\xampp\htdocs\propensi\framework\web\filters\CFilterChain.php(133): CController->runAction(Object(CInlineAction))
#5 D:\xampp\htdocs\propensi\framework\web\filters\CFilter.php(40): CFilterChain->run()
#6 D:\xampp\htdocs\propensi\framework\web\CController.php(1145): CFilter->filter(Object(CFilterChain))
#7 D:\xampp\htdocs\propensi\framework\web\filters\CInlineFilter.php(58): CController->filterAccessControl(Object(CFilterChain))
#8 D:\xampp\htdocs\propensi\framework\web\filters\CFilterChain.php(130): CInlineFilter->filter(Object(CFilterChain))
#9 D:\xampp\htdocs\propensi\framework\web\CController.php(291): CFilterChain->run()
#10 D:\xampp\htdocs\propensi\framework\web\CController.php(265): CController->runActionWithFilters(Object(CInlineAction), Array)
#11 D:\xampp\htdocs\propensi\framework\web\CWebApplication.php(282): CController->run('update')
#12 D:\xampp\htdocs\propensi\framework\web\CWebApplication.php(141): CWebApplication->runController('publikasi/updat...')
#13 D:\xampp\htdocs\propensi\framework\base\CApplication.php(180): CWebApplication->processRequest()
#14 D:\xampp\htdocs\propensi\index.php(13): CApplication->run()
#15 {main}
REQUEST_URI=/propensi/publikasi/update/2
HTTP_REFERER=http://localhost/propensi/publikasi/index
---
2014/04/27 19:38:24 [error] [php] Object of class Publikasi could not be converted to string (D:\xampp\htdocs\propensi\protected\controllers\PublikasiController.php:168)
Stack trace:
#0 D:\xampp\htdocs\propensi\framework\web\filters\CFilterChain.php(133): PublikasiController->runAction()
#1 D:\xampp\htdocs\propensi\framework\web\filters\CFilter.php(40): CFilterChain->run()
#2 D:\xampp\htdocs\propensi\framework\web\CController.php(1145): CAccessControlFilter->filter()
#3 D:\xampp\htdocs\propensi\framework\web\filters\CInlineFilter.php(58): PublikasiController->filterAccessControl()
#4 D:\xampp\htdocs\propensi\framework\web\filters\CFilterChain.php(130): CInlineFilter->filter()
#5 D:\xampp\htdocs\propensi\framework\web\CController.php(291): CFilterChain->run()
#6 D:\xampp\htdocs\propensi\framework\web\CController.php(265): PublikasiController->runActionWithFilters()
#7 D:\xampp\htdocs\propensi\framework\web\CWebApplication.php(282): PublikasiController->run()
#8 D:\xampp\htdocs\propensi\framework\web\CWebApplication.php(141): CWebApplication->runController()
#9 D:\xampp\htdocs\propensi\framework\base\CApplication.php(180): CWebApplication->processRequest()
#10 D:\xampp\htdocs\propensi\index.php(13): CWebApplication->run()
REQUEST_URI=/propensi/publikasi/index
in D:\xampp\htdocs\propensi\protected\controllers\PublikasiController.php (168)
in D:\xampp\htdocs\propensi\index.php (13)
2014/04/27 19:39:12 [error] [php] Trying to get property of non-object (D:\xampp\htdocs\propensi\protected\controllers\PublikasiController.php:168)
Stack trace:
#0 D:\xampp\htdocs\propensi\framework\web\filters\CFilterChain.php(133): PublikasiController->runAction()
#1 D:\xampp\htdocs\propensi\framework\web\filters\CFilter.php(40): CFilterChain->run()
#2 D:\xampp\htdocs\propensi\framework\web\CController.php(1145): CAccessControlFilter->filter()
#3 D:\xampp\htdocs\propensi\framework\web\filters\CInlineFilter.php(58): PublikasiController->filterAccessControl()
#4 D:\xampp\htdocs\propensi\framework\web\filters\CFilterChain.php(130): CInlineFilter->filter()
#5 D:\xampp\htdocs\propensi\framework\web\CController.php(291): CFilterChain->run()
#6 D:\xampp\htdocs\propensi\framework\web\CController.php(265): PublikasiController->runActionWithFilters()
#7 D:\xampp\htdocs\propensi\framework\web\CWebApplication.php(282): PublikasiController->run()
#8 D:\xampp\htdocs\propensi\framework\web\CWebApplication.php(141): CWebApplication->runController()
#9 D:\xampp\htdocs\propensi\framework\base\CApplication.php(180): CWebApplication->processRequest()
#10 D:\xampp\htdocs\propensi\index.php(13): CWebApplication->run()
REQUEST_URI=/propensi/publikasi/index
in D:\xampp\htdocs\propensi\protected\controllers\PublikasiController.php (168)
in D:\xampp\htdocs\propensi\index.php (13)
2014/04/27 20:16:20 [error] [php] Undefined variable: pub (D:\xampp\htdocs\propensi\protected\views\publikasi\_view.php:7)
Stack trace:
#0 D:\xampp\htdocs\propensi\framework\zii\widgets\CListView.php(291): PublikasiController->renderFile()
#1 D:\xampp\htdocs\propensi\framework\zii\widgets\CBaseListView.php(167): CListView->renderItems()
#2 unknown(0): CListView->renderSection()
#3 D:\xampp\htdocs\propensi\framework\zii\widgets\CBaseListView.php(150): preg_replace_callback()
#4 D:\xampp\htdocs\propensi\framework\zii\widgets\CBaseListView.php(135): CListView->renderContent()
#5 D:\xampp\htdocs\propensi\framework\web\CBaseController.php(173): CListView->run()
#6 D:\xampp\htdocs\propensi\protected\views\publikasi\index.php(20): PublikasiController->widget()
#7 D:\xampp\htdocs\propensi\framework\web\CBaseController.php(126): require()
#8 D:\xampp\htdocs\propensi\framework\web\CBaseController.php(95): PublikasiController->renderInternal()
#9 D:\xampp\htdocs\propensi\framework\web\CController.php(869): PublikasiController->renderFile()
#10 D:\xampp\htdocs\propensi\framework\web\CController.php(782): PublikasiController->renderPartial()
#11 D:\xampp\htdocs\propensi\protected\controllers\PublikasiController.php(169): PublikasiController->render()
#12 D:\xampp\htdocs\propensi\framework\web\actions\CInlineAction.php(49): PublikasiController->actionIndex()
#13 D:\xampp\htdocs\propensi\framework\web\CController.php(308): CInlineAction->runWithParams()
#14 D:\xampp\htdocs\propensi\framework\web\filters\CFilterChain.php(133): PublikasiController->runAction()
#15 D:\xampp\htdocs\propensi\framework\web\filters\CFilter.php(40): CFilterChain->run()
#16 D:\xampp\htdocs\propensi\framework\web\CController.php(1145): CAccessControlFilter->filter()
#17 D:\xampp\htdocs\propensi\framework\web\filters\CInlineFilter.php(58): PublikasiController->filterAccessControl()
#18 D:\xampp\htdocs\propensi\framework\web\filters\CFilterChain.php(130): CInlineFilter->filter()
#19 D:\xampp\htdocs\propensi\framework\web\CController.php(291): CFilterChain->run()
#20 D:\xampp\htdocs\propensi\framework\web\CController.php(265): PublikasiController->runActionWithFilters()
#21 D:\xampp\htdocs\propensi\framework\web\CWebApplication.php(282): PublikasiController->run()
#22 D:\xampp\htdocs\propensi\framework\web\CWebApplication.php(141): CWebApplication->runController()
#23 D:\xampp\htdocs\propensi\framework\base\CApplication.php(180): CWebApplication->processRequest()
#24 D:\xampp\htdocs\propensi\index.php(13): CWebApplication->run()
REQUEST_URI=/propensi/publikasi/index
in D:\xampp\htdocs\propensi\protected\views\publikasi\_view.php (7)
in D:\xampp\htdocs\propensi\protected\views\publikasi\index.php (20)
in D:\xampp\htdocs\propensi\protected\controllers\PublikasiController.php (169)
2014/04/27 20:16:31 [error] [php] in_array() expects parameter 2 to be array, null given (D:\xampp\htdocs\propensi\protected\views\publikasi\_view.php:7)
Stack trace:
#0 D:\xampp\htdocs\propensi\framework\web\CBaseController.php(95): PublikasiController->renderInternal()
#1 D:\xampp\htdocs\propensi\framework\zii\widgets\CListView.php(291): PublikasiController->renderFile()
#2 D:\xampp\htdocs\propensi\framework\zii\widgets\CBaseListView.php(167): CListView->renderItems()
#3 unknown(0): CListView->renderSection()
#4 D:\xampp\htdocs\propensi\framework\zii\widgets\CBaseListView.php(150): preg_replace_callback()
#5 D:\xampp\htdocs\propensi\framework\zii\widgets\CBaseListView.php(135): CListView->renderContent()
#6 D:\xampp\htdocs\propensi\framework\web\CBaseController.php(173): CListView->run()
#7 D:\xampp\htdocs\propensi\protected\views\publikasi\index.php(20): PublikasiController->widget()
#8 D:\xampp\htdocs\propensi\framework\web\CBaseController.php(126): require()
#9 D:\xampp\htdocs\propensi\framework\web\CBaseController.php(95): PublikasiController->renderInternal()
#10 D:\xampp\htdocs\propensi\framework\web\CController.php(869): PublikasiController->renderFile()
#11 D:\xampp\htdocs\propensi\framework\web\CController.php(782): PublikasiController->renderPartial()
#12 D:\xampp\htdocs\propensi\protected\controllers\PublikasiController.php(169): PublikasiController->render()
#13 D:\xampp\htdocs\propensi\framework\web\actions\CInlineAction.php(49): PublikasiController->actionIndex()
#14 D:\xampp\htdocs\propensi\framework\web\CController.php(308): CInlineAction->runWithParams()
#15 D:\xampp\htdocs\propensi\framework\web\filters\CFilterChain.php(133): PublikasiController->runAction()
#16 D:\xampp\htdocs\propensi\framework\web\filters\CFilter.php(40): CFilterChain->run()
#17 D:\xampp\htdocs\propensi\framework\web\CController.php(1145): CAccessControlFilter->filter()
#18 D:\xampp\htdocs\propensi\framework\web\filters\CInlineFilter.php(58): PublikasiController->filterAccessControl()
#19 D:\xampp\htdocs\propensi\framework\web\filters\CFilterChain.php(130): CInlineFilter->filter()
#20 D:\xampp\htdocs\propensi\framework\web\CController.php(291): CFilterChain->run()
#21 D:\xampp\htdocs\propensi\framework\web\CController.php(265): PublikasiController->runActionWithFilters()
#22 D:\xampp\htdocs\propensi\framework\web\CWebApplication.php(282): PublikasiController->run()
#23 D:\xampp\htdocs\propensi\framework\web\CWebApplication.php(141): CWebApplication->runController()
#24 D:\xampp\htdocs\propensi\framework\base\CApplication.php(180): CWebApplication->processRequest()
#25 D:\xampp\htdocs\propensi\index.php(13): CWebApplication->run()
REQUEST_URI=/propensi/publikasi/index
in D:\xampp\htdocs\propensi\protected\views\publikasi\_view.php (7)
in D:\xampp\htdocs\propensi\protected\views\publikasi\index.php (20)
in D:\xampp\htdocs\propensi\protected\controllers\PublikasiController.php (169)
2014/04/27 20:18:11 [error] [php] Undefined variable: pub (D:\xampp\htdocs\propensi\protected\controllers\PublikasiController.php:168)
Stack trace:
#0 D:\xampp\htdocs\propensi\framework\web\filters\CFilterChain.php(133): PublikasiController->runAction()
#1 D:\xampp\htdocs\propensi\framework\web\filters\CFilter.php(40): CFilterChain->run()
#2 D:\xampp\htdocs\propensi\framework\web\CController.php(1145): CAccessControlFilter->filter()
#3 D:\xampp\htdocs\propensi\framework\web\filters\CInlineFilter.php(58): PublikasiController->filterAccessControl()
#4 D:\xampp\htdocs\propensi\framework\web\filters\CFilterChain.php(130): CInlineFilter->filter()
#5 D:\xampp\htdocs\propensi\framework\web\CController.php(291): CFilterChain->run()
#6 D:\xampp\htdocs\propensi\framework\web\CController.php(265): PublikasiController->runActionWithFilters()
#7 D:\xampp\htdocs\propensi\framework\web\CWebApplication.php(282): PublikasiController->run()
#8 D:\xampp\htdocs\propensi\framework\web\CWebApplication.php(141): CWebApplication->runController()
#9 D:\xampp\htdocs\propensi\framework\base\CApplication.php(180): CWebApplication->processRequest()
#10 D:\xampp\htdocs\propensi\index.php(13): CWebApplication->run()
REQUEST_URI=/propensi/publikasi/index
in D:\xampp\htdocs\propensi\protected\controllers\PublikasiController.php (168)
in D:\xampp\htdocs\propensi\index.php (13)
2014/04/27 20:20:29 [error] [exception.CHttpException.400] exception 'CHttpException' with message 'Your request is invalid.' in D:\xampp\htdocs\propensi\framework\web\CController.php:1118
Stack trace:
#0 D:\xampp\htdocs\propensi\framework\web\filters\CInlineFilter.php(58): CController->filterPostOnly(Object(CFilterChain))
#1 D:\xampp\htdocs\propensi\framework\web\filters\CFilterChain.php(130): CInlineFilter->filter(Object(CFilterChain))
#2 D:\xampp\htdocs\propensi\framework\web\filters\CFilter.php(40): CFilterChain->run()
#3 D:\xampp\htdocs\propensi\framework\web\CController.php(1145): CFilter->filter(Object(CFilterChain))
#4 D:\xampp\htdocs\propensi\framework\web\filters\CInlineFilter.php(58): CController->filterAccessControl(Object(CFilterChain))
#5 D:\xampp\htdocs\propensi\framework\web\filters\CFilterChain.php(130): CInlineFilter->filter(Object(CFilterChain))
#6 D:\xampp\htdocs\propensi\framework\web\CController.php(291): CFilterChain->run()
#7 D:\xampp\htdocs\propensi\framework\web\CController.php(265): CController->runActionWithFilters(Object(CInlineAction), Array)
#8 D:\xampp\htdocs\propensi\framework\web\CWebApplication.php(282): CController->run('delete')
#9 D:\xampp\htdocs\propensi\framework\web\CWebApplication.php(141): CWebApplication->runController('publikasi/delet...')
#10 D:\xampp\htdocs\propensi\framework\base\CApplication.php(180): CWebApplication->processRequest()
#11 D:\xampp\htdocs\propensi\index.php(13): CApplication->run()
#12 {main}
REQUEST_URI=/propensi/publikasi/delete/2
---
2014/04/27 20:26:26 [error] [php] Undefined variable: URL_AVATAR (D:\xampp\htdocs\propensi\protected\controllers\PublikasiController.php:147)
Stack trace:
#0 D:\xampp\htdocs\propensi\framework\web\actions\CInlineAction.php(47): CInlineAction->runWithParamsInternal()
#1 D:\xampp\htdocs\propensi\framework\web\CController.php(308): CInlineAction->runWithParams()
#2 D:\xampp\htdocs\propensi\framework\web\filters\CFilterChain.php(133): PublikasiController->runAction()
#3 D:\xampp\htdocs\propensi\framework\web\CController.php(1116): CFilterChain->run()
#4 D:\xampp\htdocs\propensi\framework\web\filters\CInlineFilter.php(58): PublikasiController->filterPostOnly()
#5 D:\xampp\htdocs\propensi\framework\web\filters\CFilterChain.php(130): CInlineFilter->filter()
#6 D:\xampp\htdocs\propensi\framework\web\filters\CFilter.php(40): CFilterChain->run()
#7 D:\xampp\htdocs\propensi\framework\web\CController.php(1145): CAccessControlFilter->filter()
#8 D:\xampp\htdocs\propensi\framework\web\filters\CInlineFilter.php(58): PublikasiController->filterAccessControl()
#9 D:\xampp\htdocs\propensi\framework\web\filters\CFilterChain.php(130): CInlineFilter->filter()
#10 D:\xampp\htdocs\propensi\framework\web\CController.php(291): CFilterChain->run()
#11 D:\xampp\htdocs\propensi\framework\web\CController.php(265): PublikasiController->runActionWithFilters()
#12 D:\xampp\htdocs\propensi\framework\web\CWebApplication.php(282): PublikasiController->run()
#13 D:\xampp\htdocs\propensi\framework\web\CWebApplication.php(141): CWebApplication->runController()
#14 D:\xampp\htdocs\propensi\framework\base\CApplication.php(180): CWebApplication->processRequest()
#15 D:\xampp\htdocs\propensi\index.php(13): CWebApplication->run()
REQUEST_URI=/propensi/publikasi/delete/1
in D:\xampp\htdocs\propensi\protected\controllers\PublikasiController.php (147)
in D:\xampp\htdocs\propensi\index.php (13)
2014/04/27 20:27:06 [error] [php] Undefined variable: lab (D:\xampp\htdocs\propensi\protected\controllers\PublikasiController.php:147)
Stack trace:
#0 D:\xampp\htdocs\propensi\framework\web\actions\CInlineAction.php(47): CInlineAction->runWithParamsInternal()
#1 D:\xampp\htdocs\propensi\framework\web\CController.php(308): CInlineAction->runWithParams()
#2 D:\xampp\htdocs\propensi\framework\web\filters\CFilterChain.php(133): PublikasiController->runAction()
#3 D:\xampp\htdocs\propensi\framework\web\CController.php(1116): CFilterChain->run()
#4 D:\xampp\htdocs\propensi\framework\web\filters\CInlineFilter.php(58): PublikasiController->filterPostOnly()
#5 D:\xampp\htdocs\propensi\framework\web\filters\CFilterChain.php(130): CInlineFilter->filter()
#6 D:\xampp\htdocs\propensi\framework\web\filters\CFilter.php(40): CFilterChain->run()
#7 D:\xampp\htdocs\propensi\framework\web\CController.php(1145): CAccessControlFilter->filter()
#8 D:\xampp\htdocs\propensi\framework\web\filters\CInlineFilter.php(58): PublikasiController->filterAccessControl()
#9 D:\xampp\htdocs\propensi\framework\web\filters\CFilterChain.php(130): CInlineFilter->filter()
#10 D:\xampp\htdocs\propensi\framework\web\CController.php(291): CFilterChain->run()
#11 D:\xampp\htdocs\propensi\framework\web\CController.php(265): PublikasiController->runActionWithFilters()
#12 D:\xampp\htdocs\propensi\framework\web\CWebApplication.php(282): PublikasiController->run()
#13 D:\xampp\htdocs\propensi\framework\web\CWebApplication.php(141): CWebApplication->runController()
#14 D:\xampp\htdocs\propensi\framework\base\CApplication.php(180): CWebApplication->processRequest()
#15 D:\xampp\htdocs\propensi\index.php(13): CWebApplication->run()
REQUEST_URI=/propensi/publikasi/delete/1
in D:\xampp\htdocs\propensi\protected\controllers\PublikasiController.php (147)
in D:\xampp\htdocs\propensi\index.php (13)
2014/04/27 20:37:16 [error] [exception.CHttpException.404] exception 'CHttpException' with message 'The requested page does not exist.' in D:\xampp\htdocs\propensi\protected\controllers\ProfilController.php:198
Stack trace:
#0 D:\xampp\htdocs\propensi\protected\controllers\ProfilController.php(57): ProfilController->loadModel('5')
#1 [internal function]: ProfilController->actionView('5')
#2 D:\xampp\htdocs\propensi\framework\web\actions\CAction.php(108): ReflectionMethod->invokeArgs(Object(ProfilController), Array)
#3 D:\xampp\htdocs\propensi\framework\web\actions\CInlineAction.php(47): CAction->runWithParamsInternal(Object(ProfilController), Object(ReflectionMethod), Array)
#4 D:\xampp\htdocs\propensi\framework\web\CController.php(308): CInlineAction->runWithParams(Array)
#5 D:\xampp\htdocs\propensi\framework\web\filters\CFilterChain.php(133): CController->runAction(Object(CInlineAction))
#6 D:\xampp\htdocs\propensi\framework\web\filters\CFilter.php(40): CFilterChain->run()
#7 D:\xampp\htdocs\propensi\framework\web\CController.php(1145): CFilter->filter(Object(CFilterChain))
#8 D:\xampp\htdocs\propensi\framework\web\filters\CInlineFilter.php(58): CController->filterAccessControl(Object(CFilterChain))
#9 D:\xampp\htdocs\propensi\framework\web\filters\CFilterChain.php(130): CInlineFilter->filter(Object(CFilterChain))
#10 D:\xampp\htdocs\propensi\framework\web\CController.php(291): CFilterChain->run()
#11 D:\xampp\htdocs\propensi\framework\web\CController.php(265): CController->runActionWithFilters(Object(CInlineAction), Array)
#12 D:\xampp\htdocs\propensi\framework\web\CWebApplication.php(282): CController->run('view')
#13 D:\xampp\htdocs\propensi\framework\web\CWebApplication.php(141): CWebApplication->runController('profil/view')
#14 D:\xampp\htdocs\propensi\framework\base\CApplication.php(180): CWebApplication->processRequest()
#15 D:\xampp\htdocs\propensi\index.php(13): CApplication->run()
#16 {main}
REQUEST_URI=/propensi/profil/view/5
---
2014/04/27 20:37:42 [error] [exception.CHttpException.404] exception 'CHttpException' with message 'The requested page does not exist.' in D:\xampp\htdocs\propensi\protected\controllers\ProfilController.php:198
Stack trace:
#0 D:\xampp\htdocs\propensi\protected\controllers\ProfilController.php(57): ProfilController->loadModel('56')
#1 [internal function]: ProfilController->actionView('56')
#2 D:\xampp\htdocs\propensi\framework\web\actions\CAction.php(108): ReflectionMethod->invokeArgs(Object(ProfilController), Array)
#3 D:\xampp\htdocs\propensi\framework\web\actions\CInlineAction.php(47): CAction->runWithParamsInternal(Object(ProfilController), Object(ReflectionMethod), Array)
#4 D:\xampp\htdocs\propensi\framework\web\CController.php(308): CInlineAction->runWithParams(Array)
#5 D:\xampp\htdocs\propensi\framework\web\filters\CFilterChain.php(133): CController->runAction(Object(CInlineAction))
#6 D:\xampp\htdocs\propensi\framework\web\filters\CFilter.php(40): CFilterChain->run()
#7 D:\xampp\htdocs\propensi\framework\web\CController.php(1145): CFilter->filter(Object(CFilterChain))
#8 D:\xampp\htdocs\propensi\framework\web\filters\CInlineFilter.php(58): CController->filterAccessControl(Object(CFilterChain))
#9 D:\xampp\htdocs\propensi\framework\web\filters\CFilterChain.php(130): CInlineFilter->filter(Object(CFilterChain))
#10 D:\xampp\htdocs\propensi\framework\web\CController.php(291): CFilterChain->run()
#11 D:\xampp\htdocs\propensi\framework\web\CController.php(265): CController->runActionWithFilters(Object(CInlineAction), Array)
#12 D:\xampp\htdocs\propensi\framework\web\CWebApplication.php(282): CController->run('view')
#13 D:\xampp\htdocs\propensi\framework\web\CWebApplication.php(141): CWebApplication->runController('profil/view')
#14 D:\xampp\htdocs\propensi\framework\base\CApplication.php(180): CWebApplication->processRequest()
#15 D:\xampp\htdocs\propensi\index.php(13): CApplication->run()
#16 {main}
REQUEST_URI=/propensi/profil/view/56
---
2014/04/27 20:46:40 [error] [exception.CHttpException.400] exception 'CHttpException' with message 'Your request is invalid.' in D:\xampp\htdocs\propensi\framework\web\CController.php:336
Stack trace:
#0 D:\xampp\htdocs\propensi\framework\web\CController.php(309): CController->invalidActionParams(Object(CInlineAction))
#1 D:\xampp\htdocs\propensi\framework\web\filters\CFilterChain.php(133): CController->runAction(Object(CInlineAction))
#2 D:\xampp\htdocs\propensi\framework\web\filters\CFilter.php(40): CFilterChain->run()
#3 D:\xampp\htdocs\propensi\framework\web\CController.php(1145): CFilter->filter(Object(CFilterChain))
#4 D:\xampp\htdocs\propensi\framework\web\filters\CInlineFilter.php(58): CController->filterAccessControl(Object(CFilterChain))
#5 D:\xampp\htdocs\propensi\framework\web\filters\CFilterChain.php(130): CInlineFilter->filter(Object(CFilterChain))
#6 D:\xampp\htdocs\propensi\framework\web\CController.php(291): CFilterChain->run()
#7 D:\xampp\htdocs\propensi\framework\web\CController.php(265): CController->runActionWithFilters(Object(CInlineAction), Array)
#8 D:\xampp\htdocs\propensi\framework\web\CWebApplication.php(282): CController->run('view')
#9 D:\xampp\htdocs\propensi\framework\web\CWebApplication.php(141): CWebApplication->runController('profil/view/Bac...')
#10 D:\xampp\htdocs\propensi\framework\base\CApplication.php(180): CWebApplication->processRequest()
#11 D:\xampp\htdocs\propensi\index.php(13): CApplication->run()
#12 {main}
REQUEST_URI=/propensi/profil/view/Back.png
HTTP_REFERER=http://localhost/propensi/profil/view/2
---
2014/04/27 20:46:46 [error] [exception.CHttpException.400] exception 'CHttpException' with message 'Your request is invalid.' in D:\xampp\htdocs\propensi\framework\web\CController.php:336
Stack trace:
#0 D:\xampp\htdocs\propensi\framework\web\CController.php(309): CController->invalidActionParams(Object(CInlineAction))
#1 D:\xampp\htdocs\propensi\framework\web\filters\CFilterChain.php(133): CController->runAction(Object(CInlineAction))
#2 D:\xampp\htdocs\propensi\framework\web\filters\CFilter.php(40): CFilterChain->run()
#3 D:\xampp\htdocs\propensi\framework\web\CController.php(1145): CFilter->filter(Object(CFilterChain))
#4 D:\xampp\htdocs\propensi\framework\web\filters\CInlineFilter.php(58): CController->filterAccessControl(Object(CFilterChain))
#5 D:\xampp\htdocs\propensi\framework\web\filters\CFilterChain.php(130): CInlineFilter->filter(Object(CFilterChain))
#6 D:\xampp\htdocs\propensi\framework\web\CController.php(291): CFilterChain->run()
#7 D:\xampp\htdocs\propensi\framework\web\CController.php(265): CController->runActionWithFilters(Object(CInlineAction), Array)
#8 D:\xampp\htdocs\propensi\framework\web\CWebApplication.php(282): CController->run('view')
#9 D:\xampp\htdocs\propensi\framework\web\CWebApplication.php(141): CWebApplication->runController('profil/view/Bac...')
#10 D:\xampp\htdocs\propensi\framework\base\CApplication.php(180): CWebApplication->processRequest()
#11 D:\xampp\htdocs\propensi\index.php(13): CApplication->run()
#12 {main}
REQUEST_URI=/propensi/profil/view/Back.png
HTTP_REFERER=http://localhost/propensi/profil/view/2
---
2014/04/27 20:47:16 [error] [exception.CHttpException.404] exception 'CHttpException' with message 'The system is unable to find the requested action "back.png".' in D:\xampp\htdocs\propensi\framework\web\CController.php:483
Stack trace:
#0 D:\xampp\htdocs\propensi\framework\web\CController.php(270): CController->missingAction('back.png')
#1 D:\xampp\htdocs\propensi\framework\web\CWebApplication.php(282): CController->run('back.png')
#2 D:\xampp\htdocs\propensi\framework\web\CWebApplication.php(141): CWebApplication->runController('profil/Back.png')
#3 D:\xampp\htdocs\propensi\framework\base\CApplication.php(180): CWebApplication->processRequest()
#4 D:\xampp\htdocs\propensi\index.php(13): CApplication->run()
#5 {main}
REQUEST_URI=/propensi/profil/Back.png
HTTP_REFERER=http://localhost/propensi/profil/view/2
---
2014/04/27 20:47:20 [error] [exception.CHttpException.404] exception 'CHttpException' with message 'The system is unable to find the requested action "back.png".' in D:\xampp\htdocs\propensi\framework\web\CController.php:483
Stack trace:
#0 D:\xampp\htdocs\propensi\framework\web\CController.php(270): CController->missingAction('back.png')
#1 D:\xampp\htdocs\propensi\framework\web\CWebApplication.php(282): CController->run('back.png')
#2 D:\xampp\htdocs\propensi\framework\web\CWebApplication.php(141): CWebApplication->runController('profil/Back.png')
#3 D:\xampp\htdocs\propensi\framework\base\CApplication.php(180): CWebApplication->processRequest()
#4 D:\xampp\htdocs\propensi\index.php(13): CApplication->run()
#5 {main}
REQUEST_URI=/propensi/profil/Back.png
HTTP_REFERER=http://localhost/propensi/profil/view/2
---
2014/04/27 20:47:33 [error] [exception.CHttpException.404] exception 'CHttpException' with message 'Unable to resolve the request "assets/avatarBack.png".' in D:\xampp\htdocs\propensi\framework\web\CWebApplication.php:286
Stack trace:
#0 D:\xampp\htdocs\propensi\framework\web\CWebApplication.php(141): CWebApplication->runController('assets/avatarBa...')
#1 D:\xampp\htdocs\propensi\framework\base\CApplication.php(180): CWebApplication->processRequest()
#2 D:\xampp\htdocs\propensi\index.php(13): CApplication->run()
#3 {main}
REQUEST_URI=/propensi/assets/avatarBack.png
HTTP_REFERER=http://localhost/propensi/profil/view/2
---
2014/04/27 20:47:39 [error] [exception.CHttpException.404] exception 'CHttpException' with message 'Unable to resolve the request "assets/avatarBack.png".' in D:\xampp\htdocs\propensi\framework\web\CWebApplication.php:286
Stack trace:
#0 D:\xampp\htdocs\propensi\framework\web\CWebApplication.php(141): CWebApplication->runController('assets/avatarBa...')
#1 D:\xampp\htdocs\propensi\framework\base\CApplication.php(180): CWebApplication->processRequest()
#2 D:\xampp\htdocs\propensi\index.php(13): CApplication->run()
#3 {main}
REQUEST_URI=/propensi/assets/avatarBack.png
HTTP_REFERER=http://localhost/propensi/profil/view/2
---
2014/04/27 20:58:16 [error] [exception.CHttpException.404] exception 'CHttpException' with message 'The requested page does not exist.' in D:\xampp\htdocs\propensi\protected\controllers\ProfilController.php:195
Stack trace:
#0 D:\xampp\htdocs\propensi\protected\controllers\ProfilController.php(57): ProfilController->loadModel('4')
#1 [internal function]: ProfilController->actionView('4')
#2 D:\xampp\htdocs\propensi\framework\web\actions\CAction.php(108): ReflectionMethod->invokeArgs(Object(ProfilController), Array)
#3 D:\xampp\htdocs\propensi\framework\web\actions\CInlineAction.php(47): CAction->runWithParamsInternal(Object(ProfilController), Object(ReflectionMethod), Array)
#4 D:\xampp\htdocs\propensi\framework\web\CController.php(308): CInlineAction->runWithParams(Array)
#5 D:\xampp\htdocs\propensi\framework\web\filters\CFilterChain.php(133): CController->runAction(Object(CInlineAction))
#6 D:\xampp\htdocs\propensi\framework\web\filters\CFilter.php(40): CFilterChain->run()
#7 D:\xampp\htdocs\propensi\framework\web\CController.php(1145): CFilter->filter(Object(CFilterChain))
#8 D:\xampp\htdocs\propensi\framework\web\filters\CInlineFilter.php(58): CController->filterAccessControl(Object(CFilterChain))
#9 D:\xampp\htdocs\propensi\framework\web\filters\CFilterChain.php(130): CInlineFilter->filter(Object(CFilterChain))
#10 D:\xampp\htdocs\propensi\framework\web\CController.php(291): CFilterChain->run()
#11 D:\xampp\htdocs\propensi\framework\web\CController.php(265): CController->runActionWithFilters(Object(CInlineAction), Array)
#12 D:\xampp\htdocs\propensi\framework\web\CWebApplication.php(282): CController->run('view')
#13 D:\xampp\htdocs\propensi\framework\web\CWebApplication.php(141): CWebApplication->runController('profil/view')
#14 D:\xampp\htdocs\propensi\framework\base\CApplication.php(180): CWebApplication->processRequest()
#15 D:\xampp\htdocs\propensi\index.php(13): CApplication->run()
#16 {main}
REQUEST_URI=/propensi/profil/view/4
---
2014/04/27 20:58:18 [error] [exception.CHttpException.404] exception 'CHttpException' with message 'The requested page does not exist.' in D:\xampp\htdocs\propensi\protected\controllers\ProfilController.php:195
Stack trace:
#0 D:\xampp\htdocs\propensi\protected\controllers\ProfilController.php(57): ProfilController->loadModel('5')
#1 [internal function]: ProfilController->actionView('5')
#2 D:\xampp\htdocs\propensi\framework\web\actions\CAction.php(108): ReflectionMethod->invokeArgs(Object(ProfilController), Array)
#3 D:\xampp\htdocs\propensi\framework\web\actions\CInlineAction.php(47): CAction->runWithParamsInternal(Object(ProfilController), Object(ReflectionMethod), Array)
#4 D:\xampp\htdocs\propensi\framework\web\CController.php(308): CInlineAction->runWithParams(Array)
#5 D:\xampp\htdocs\propensi\framework\web\filters\CFilterChain.php(133): CController->runAction(Object(CInlineAction))
#6 D:\xampp\htdocs\propensi\framework\web\filters\CFilter.php(40): CFilterChain->run()
#7 D:\xampp\htdocs\propensi\framework\web\CController.php(1145): CFilter->filter(Object(CFilterChain))
#8 D:\xampp\htdocs\propensi\framework\web\filters\CInlineFilter.php(58): CController->filterAccessControl(Object(CFilterChain))
#9 D:\xampp\htdocs\propensi\framework\web\filters\CFilterChain.php(130): CInlineFilter->filter(Object(CFilterChain))
#10 D:\xampp\htdocs\propensi\framework\web\CController.php(291): CFilterChain->run()
#11 D:\xampp\htdocs\propensi\framework\web\CController.php(265): CController->runActionWithFilters(Object(CInlineAction), Array)
#12 D:\xampp\htdocs\propensi\framework\web\CWebApplication.php(282): CController->run('view')
#13 D:\xampp\htdocs\propensi\framework\web\CWebApplication.php(141): CWebApplication->runController('profil/view')
#14 D:\xampp\htdocs\propensi\framework\base\CApplication.php(180): CWebApplication->processRequest()
#15 D:\xampp\htdocs\propensi\index.php(13): CApplication->run()
#16 {main}
REQUEST_URI=/propensi/profil/view/5
---
2014/04/27 20:58:35 [error] [exception.CHttpException.404] exception 'CHttpException' with message 'Unable to resolve the request "assets/avatar/Koala.jpg".' in D:\xampp\htdocs\propensi\framework\web\CWebApplication.php:286
Stack trace:
#0 D:\xampp\htdocs\propensi\framework\web\CWebApplication.php(141): CWebApplication->runController('assets/avatar/K...')
#1 D:\xampp\htdocs\propensi\framework\base\CApplication.php(180): CWebApplication->processRequest()
#2 D:\xampp\htdocs\propensi\index.php(13): CApplication->run()
#3 {main}
REQUEST_URI=/propensi/assets/avatar/Koala.jpg
HTTP_REFERER=http://localhost/propensi/profil/view/8
---
2014/04/27 20:58:42 [error] [exception.CHttpException.404] exception 'CHttpException' with message 'The requested page does not exist.' in D:\xampp\htdocs\propensi\protected\controllers\ProfilController.php:195
Stack trace:
#0 D:\xampp\htdocs\propensi\protected\controllers\ProfilController.php(57): ProfilController->loadModel('10')
#1 [internal function]: ProfilController->actionView('10')
#2 D:\xampp\htdocs\propensi\framework\web\actions\CAction.php(108): ReflectionMethod->invokeArgs(Object(ProfilController), Array)
#3 D:\xampp\htdocs\propensi\framework\web\actions\CInlineAction.php(47): CAction->runWithParamsInternal(Object(ProfilController), Object(ReflectionMethod), Array)
#4 D:\xampp\htdocs\propensi\framework\web\CController.php(308): CInlineAction->runWithParams(Array)
#5 D:\xampp\htdocs\propensi\framework\web\filters\CFilterChain.php(133): CController->runAction(Object(CInlineAction))
#6 D:\xampp\htdocs\propensi\framework\web\filters\CFilter.php(40): CFilterChain->run()
#7 D:\xampp\htdocs\propensi\framework\web\CController.php(1145): CFilter->filter(Object(CFilterChain))
#8 D:\xampp\htdocs\propensi\framework\web\filters\CInlineFilter.php(58): CController->filterAccessControl(Object(CFilterChain))
#9 D:\xampp\htdocs\propensi\framework\web\filters\CFilterChain.php(130): CInlineFilter->filter(Object(CFilterChain))
#10 D:\xampp\htdocs\propensi\framework\web\CController.php(291): CFilterChain->run()
#11 D:\xampp\htdocs\propensi\framework\web\CController.php(265): CController->runActionWithFilters(Object(CInlineAction), Array)
#12 D:\xampp\htdocs\propensi\framework\web\CWebApplication.php(282): CController->run('view')
#13 D:\xampp\htdocs\propensi\framework\web\CWebApplication.php(141): CWebApplication->runController('profil/view')
#14 D:\xampp\htdocs\propensi\framework\base\CApplication.php(180): CWebApplication->processRequest()
#15 D:\xampp\htdocs\propensi\index.php(13): CApplication->run()
#16 {main}
REQUEST_URI=/propensi/profil/view/10
---
2014/04/27 20:58:45 [error] [exception.CHttpException.404] exception 'CHttpException' with message 'The requested page does not exist.' in D:\xampp\htdocs\propensi\protected\controllers\ProfilController.php:195
Stack trace:
#0 D:\xampp\htdocs\propensi\protected\controllers\ProfilController.php(57): ProfilController->loadModel('11')
#1 [internal function]: ProfilController->actionView('11')
#2 D:\xampp\htdocs\propensi\framework\web\actions\CAction.php(108): ReflectionMethod->invokeArgs(Object(ProfilController), Array)
#3 D:\xampp\htdocs\propensi\framework\web\actions\CInlineAction.php(47): CAction->runWithParamsInternal(Object(ProfilController), Object(ReflectionMethod), Array)
#4 D:\xampp\htdocs\propensi\framework\web\CController.php(308): CInlineAction->runWithParams(Array)
#5 D:\xampp\htdocs\propensi\framework\web\filters\CFilterChain.php(133): CController->runAction(Object(CInlineAction))
#6 D:\xampp\htdocs\propensi\framework\web\filters\CFilter.php(40): CFilterChain->run()
#7 D:\xampp\htdocs\propensi\framework\web\CController.php(1145): CFilter->filter(Object(CFilterChain))
#8 D:\xampp\htdocs\propensi\framework\web\filters\CInlineFilter.php(58): CController->filterAccessControl(Object(CFilterChain))
#9 D:\xampp\htdocs\propensi\framework\web\filters\CFilterChain.php(130): CInlineFilter->filter(Object(CFilterChain))
#10 D:\xampp\htdocs\propensi\framework\web\CController.php(291): CFilterChain->run()
#11 D:\xampp\htdocs\propensi\framework\web\CController.php(265): CController->runActionWithFilters(Object(CInlineAction), Array)
#12 D:\xampp\htdocs\propensi\framework\web\CWebApplication.php(282): CController->run('view')
#13 D:\xampp\htdocs\propensi\framework\web\CWebApplication.php(141): CWebApplication->runController('profil/view')
#14 D:\xampp\htdocs\propensi\framework\base\CApplication.php(180): CWebApplication->processRequest()
#15 D:\xampp\htdocs\propensi\index.php(13): CApplication->run()
#16 {main}
REQUEST_URI=/propensi/profil/view/11
---
2014/04/27 20:58:47 [error] [exception.CHttpException.404] exception 'CHttpException' with message 'The requested page does not exist.' in D:\xampp\htdocs\propensi\protected\controllers\ProfilController.php:195
Stack trace:
#0 D:\xampp\htdocs\propensi\protected\controllers\ProfilController.php(57): ProfilController->loadModel('112')
#1 [internal function]: ProfilController->actionView('112')
#2 D:\xampp\htdocs\propensi\framework\web\actions\CAction.php(108): ReflectionMethod->invokeArgs(Object(ProfilController), Array)
#3 D:\xampp\htdocs\propensi\framework\web\actions\CInlineAction.php(47): CAction->runWithParamsInternal(Object(ProfilController), Object(ReflectionMethod), Array)
#4 D:\xampp\htdocs\propensi\framework\web\CController.php(308): CInlineAction->runWithParams(Array)
#5 D:\xampp\htdocs\propensi\framework\web\filters\CFilterChain.php(133): CController->runAction(Object(CInlineAction))
#6 D:\xampp\htdocs\propensi\framework\web\filters\CFilter.php(40): CFilterChain->run()
#7 D:\xampp\htdocs\propensi\framework\web\CController.php(1145): CFilter->filter(Object(CFilterChain))
#8 D:\xampp\htdocs\propensi\framework\web\filters\CInlineFilter.php(58): CController->filterAccessControl(Object(CFilterChain))
#9 D:\xampp\htdocs\propensi\framework\web\filters\CFilterChain.php(130): CInlineFilter->filter(Object(CFilterChain))
#10 D:\xampp\htdocs\propensi\framework\web\CController.php(291): CFilterChain->run()
#11 D:\xampp\htdocs\propensi\framework\web\CController.php(265): CController->runActionWithFilters(Object(CInlineAction), Array)
#12 D:\xampp\htdocs\propensi\framework\web\CWebApplication.php(282): CController->run('view')
#13 D:\xampp\htdocs\propensi\framework\web\CWebApplication.php(141): CWebApplication->runController('profil/view')
#14 D:\xampp\htdocs\propensi\framework\base\CApplication.php(180): CWebApplication->processRequest()
#15 D:\xampp\htdocs\propensi\index.php(13): CApplication->run()
#16 {main}
REQUEST_URI=/propensi/profil/view/112
---
2014/04/27 20:58:49 [error] [exception.CHttpException.404] exception 'CHttpException' with message 'The requested page does not exist.' in D:\xampp\htdocs\propensi\protected\controllers\ProfilController.php:195
Stack trace:
#0 D:\xampp\htdocs\propensi\protected\controllers\ProfilController.php(57): ProfilController->loadModel('12')
#1 [internal function]: ProfilController->actionView('12')
#2 D:\xampp\htdocs\propensi\framework\web\actions\CAction.php(108): ReflectionMethod->invokeArgs(Object(ProfilController), Array)
#3 D:\xampp\htdocs\propensi\framework\web\actions\CInlineAction.php(47): CAction->runWithParamsInternal(Object(ProfilController), Object(ReflectionMethod), Array)
#4 D:\xampp\htdocs\propensi\framework\web\CController.php(308): CInlineAction->runWithParams(Array)
#5 D:\xampp\htdocs\propensi\framework\web\filters\CFilterChain.php(133): CController->runAction(Object(CInlineAction))
#6 D:\xampp\htdocs\propensi\framework\web\filters\CFilter.php(40): CFilterChain->run()
#7 D:\xampp\htdocs\propensi\framework\web\CController.php(1145): CFilter->filter(Object(CFilterChain))
#8 D:\xampp\htdocs\propensi\framework\web\filters\CInlineFilter.php(58): CController->filterAccessControl(Object(CFilterChain))
#9 D:\xampp\htdocs\propensi\framework\web\filters\CFilterChain.php(130): CInlineFilter->filter(Object(CFilterChain))
#10 D:\xampp\htdocs\propensi\framework\web\CController.php(291): CFilterChain->run()
#11 D:\xampp\htdocs\propensi\framework\web\CController.php(265): CController->runActionWithFilters(Object(CInlineAction), Array)
#12 D:\xampp\htdocs\propensi\framework\web\CWebApplication.php(282): CController->run('view')
#13 D:\xampp\htdocs\propensi\framework\web\CWebApplication.php(141): CWebApplication->runController('profil/view')
#14 D:\xampp\htdocs\propensi\framework\base\CApplication.php(180): CWebApplication->processRequest()
#15 D:\xampp\htdocs\propensi\index.php(13): CApplication->run()
#16 {main}
REQUEST_URI=/propensi/profil/view/12
---
2014/04/27 20:58:52 [error] [exception.CHttpException.404] exception 'CHttpException' with message 'The requested page does not exist.' in D:\xampp\htdocs\propensi\protected\controllers\ProfilController.php:195
Stack trace:
#0 D:\xampp\htdocs\propensi\protected\controllers\ProfilController.php(57): ProfilController->loadModel('13')
#1 [internal function]: ProfilController->actionView('13')
#2 D:\xampp\htdocs\propensi\framework\web\actions\CAction.php(108): ReflectionMethod->invokeArgs(Object(ProfilController), Array)
#3 D:\xampp\htdocs\propensi\framework\web\actions\CInlineAction.php(47): CAction->runWithParamsInternal(Object(ProfilController), Object(ReflectionMethod), Array)
#4 D:\xampp\htdocs\propensi\framework\web\CController.php(308): CInlineAction->runWithParams(Array)
#5 D:\xampp\htdocs\propensi\framework\web\filters\CFilterChain.php(133): CController->runAction(Object(CInlineAction))
#6 D:\xampp\htdocs\propensi\framework\web\filters\CFilter.php(40): CFilterChain->run()
#7 D:\xampp\htdocs\propensi\framework\web\CController.php(1145): CFilter->filter(Object(CFilterChain))
#8 D:\xampp\htdocs\propensi\framework\web\filters\CInlineFilter.php(58): CController->filterAccessControl(Object(CFilterChain))
#9 D:\xampp\htdocs\propensi\framework\web\filters\CFilterChain.php(130): CInlineFilter->filter(Object(CFilterChain))
#10 D:\xampp\htdocs\propensi\framework\web\CController.php(291): CFilterChain->run()
#11 D:\xampp\htdocs\propensi\framework\web\CController.php(265): CController->runActionWithFilters(Object(CInlineAction), Array)
#12 D:\xampp\htdocs\propensi\framework\web\CWebApplication.php(282): CController->run('view')
#13 D:\xampp\htdocs\propensi\framework\web\CWebApplication.php(141): CWebApplication->runController('profil/view')
#14 D:\xampp\htdocs\propensi\framework\base\CApplication.php(180): CWebApplication->processRequest()
#15 D:\xampp\htdocs\propensi\index.php(13): CApplication->run()
#16 {main}
REQUEST_URI=/propensi/profil/view/13
---
2014/04/27 20:59:05 [error] [exception.CHttpException.404] exception 'CHttpException' with message 'The requested page does not exist.' in D:\xampp\htdocs\propensi\protected\controllers\ProfilController.php:195
Stack trace:
#0 D:\xampp\htdocs\propensi\protected\controllers\ProfilController.php(57): ProfilController->loadModel('18')
#1 [internal function]: ProfilController->actionView('18')
#2 D:\xampp\htdocs\propensi\framework\web\actions\CAction.php(108): ReflectionMethod->invokeArgs(Object(ProfilController), Array)
#3 D:\xampp\htdocs\propensi\framework\web\actions\CInlineAction.php(47): CAction->runWithParamsInternal(Object(ProfilController), Object(ReflectionMethod), Array)
#4 D:\xampp\htdocs\propensi\framework\web\CController.php(308): CInlineAction->runWithParams(Array)
#5 D:\xampp\htdocs\propensi\framework\web\filters\CFilterChain.php(133): CController->runAction(Object(CInlineAction))
#6 D:\xampp\htdocs\propensi\framework\web\filters\CFilter.php(40): CFilterChain->run()
#7 D:\xampp\htdocs\propensi\framework\web\CController.php(1145): CFilter->filter(Object(CFilterChain))
#8 D:\xampp\htdocs\propensi\framework\web\filters\CInlineFilter.php(58): CController->filterAccessControl(Object(CFilterChain))
#9 D:\xampp\htdocs\propensi\framework\web\filters\CFilterChain.php(130): CInlineFilter->filter(Object(CFilterChain))
#10 D:\xampp\htdocs\propensi\framework\web\CController.php(291): CFilterChain->run()
#11 D:\xampp\htdocs\propensi\framework\web\CController.php(265): CController->runActionWithFilters(Object(CInlineAction), Array)
#12 D:\xampp\htdocs\propensi\framework\web\CWebApplication.php(282): CController->run('view')
#13 D:\xampp\htdocs\propensi\framework\web\CWebApplication.php(141): CWebApplication->runController('profil/view')
#14 D:\xampp\htdocs\propensi\framework\base\CApplication.php(180): CWebApplication->processRequest()
#15 D:\xampp\htdocs\propensi\index.php(13): CApplication->run()
#16 {main}
REQUEST_URI=/propensi/profil/view/18
---
2014/04/27 20:59:59 [error] [php] Trying to get property of non-object (D:\xampp\htdocs\propensi\protected\views\aset\_form.php:42)
Stack trace:
#0 D:\xampp\htdocs\propensi\framework\web\CController.php(869): AsetController->renderFile()
#1 D:\xampp\htdocs\propensi\protected\views\aset\create.php(18): AsetController->renderPartial()
#2 D:\xampp\htdocs\propensi\framework\web\CBaseController.php(126): require()
#3 D:\xampp\htdocs\propensi\framework\web\CBaseController.php(95): AsetController->renderInternal()
#4 D:\xampp\htdocs\propensi\framework\web\CController.php(869): AsetController->renderFile()
#5 D:\xampp\htdocs\propensi\framework\web\CController.php(782): AsetController->renderPartial()
#6 D:\xampp\htdocs\propensi\protected\controllers\AsetController.php(76): AsetController->render()
#7 D:\xampp\htdocs\propensi\framework\web\actions\CInlineAction.php(49): AsetController->actionCreate()
#8 D:\xampp\htdocs\propensi\framework\web\CController.php(308): CInlineAction->runWithParams()
#9 D:\xampp\htdocs\propensi\framework\web\filters\CFilterChain.php(133): AsetController->runAction()
#10 D:\xampp\htdocs\propensi\framework\web\filters\CFilter.php(40): CFilterChain->run()
#11 D:\xampp\htdocs\propensi\framework\web\CController.php(1145): CAccessControlFilter->filter()
#12 D:\xampp\htdocs\propensi\framework\web\filters\CInlineFilter.php(58): AsetController->filterAccessControl()
#13 D:\xampp\htdocs\propensi\framework\web\filters\CFilterChain.php(130): CInlineFilter->filter()
#14 D:\xampp\htdocs\propensi\framework\web\CController.php(291): CFilterChain->run()
#15 D:\xampp\htdocs\propensi\framework\web\CController.php(265): AsetController->runActionWithFilters()
#16 D:\xampp\htdocs\propensi\framework\web\CWebApplication.php(282): AsetController->run()
#17 D:\xampp\htdocs\propensi\framework\web\CWebApplication.php(141): CWebApplication->runController()
#18 D:\xampp\htdocs\propensi\framework\base\CApplication.php(180): CWebApplication->processRequest()
#19 D:\xampp\htdocs\propensi\index.php(13): CWebApplication->run()
REQUEST_URI=/propensi/aset/create
in D:\xampp\htdocs\propensi\protected\views\aset\_form.php (42)
in D:\xampp\htdocs\propensi\protected\views\aset\create.php (18)
in D:\xampp\htdocs\propensi\protected\controllers\AsetController.php (76)
2014/04/27 21:02:44 [error] [php] Trying to get property of non-object (D:\xampp\htdocs\propensi\protected\views\aset\_form.php:42)
Stack trace:
#0 D:\xampp\htdocs\propensi\framework\web\CController.php(869): AsetController->renderFile()
#1 D:\xampp\htdocs\propensi\protected\views\aset\create.php(18): AsetController->renderPartial()
#2 D:\xampp\htdocs\propensi\framework\web\CBaseController.php(126): require()
#3 D:\xampp\htdocs\propensi\framework\web\CBaseController.php(95): AsetController->renderInternal()
#4 D:\xampp\htdocs\propensi\framework\web\CController.php(869): AsetController->renderFile()
#5 D:\xampp\htdocs\propensi\framework\web\CController.php(782): AsetController->renderPartial()
#6 D:\xampp\htdocs\propensi\protected\controllers\AsetController.php(76): AsetController->render()
#7 D:\xampp\htdocs\propensi\framework\web\actions\CInlineAction.php(49): AsetController->actionCreate()
#8 D:\xampp\htdocs\propensi\framework\web\CController.php(308): CInlineAction->runWithParams()
#9 D:\xampp\htdocs\propensi\framework\web\filters\CFilterChain.php(133): AsetController->runAction()
#10 D:\xampp\htdocs\propensi\framework\web\filters\CFilter.php(40): CFilterChain->run()
#11 D:\xampp\htdocs\propensi\framework\web\CController.php(1145): CAccessControlFilter->filter()
#12 D:\xampp\htdocs\propensi\framework\web\filters\CInlineFilter.php(58): AsetController->filterAccessControl()
#13 D:\xampp\htdocs\propensi\framework\web\filters\CFilterChain.php(130): CInlineFilter->filter()
#14 D:\xampp\htdocs\propensi\framework\web\CController.php(291): CFilterChain->run()
#15 D:\xampp\htdocs\propensi\framework\web\CController.php(265): AsetController->runActionWithFilters()
#16 D:\xampp\htdocs\propensi\framework\web\CWebApplication.php(282): AsetController->run()
#17 D:\xampp\htdocs\propensi\framework\web\CWebApplication.php(141): CWebApplication->runController()
#18 D:\xampp\htdocs\propensi\framework\base\CApplication.php(180): CWebApplication->processRequest()
#19 D:\xampp\htdocs\propensi\index.php(13): CWebApplication->run()
REQUEST_URI=/propensi/aset/create
in D:\xampp\htdocs\propensi\protected\views\aset\_form.php (42)
in D:\xampp\htdocs\propensi\protected\views\aset\create.php (18)
in D:\xampp\htdocs\propensi\protected\controllers\AsetController.php (76)
2014/04/27 21:13:42 [error] [exception.CHttpException.403] exception 'CHttpException' with message 'Sorry, just for "Ketua" Role' in D:\xampp\htdocs\propensi\protected\controllers\AsetController.php:68
Stack trace:
#0 D:\xampp\htdocs\propensi\framework\web\actions\CInlineAction.php(49): AsetController->actionCreate()
#1 D:\xampp\htdocs\propensi\framework\web\CController.php(308): CInlineAction->runWithParams(Array)
#2 D:\xampp\htdocs\propensi\framework\web\filters\CFilterChain.php(133): CController->runAction(Object(CInlineAction))
#3 D:\xampp\htdocs\propensi\framework\web\filters\CFilter.php(40): CFilterChain->run()
#4 D:\xampp\htdocs\propensi\framework\web\CController.php(1145): CFilter->filter(Object(CFilterChain))
#5 D:\xampp\htdocs\propensi\framework\web\filters\CInlineFilter.php(58): CController->filterAccessControl(Object(CFilterChain))
#6 D:\xampp\htdocs\propensi\framework\web\filters\CFilterChain.php(130): CInlineFilter->filter(Object(CFilterChain))
#7 D:\xampp\htdocs\propensi\framework\web\CController.php(291): CFilterChain->run()
#8 D:\xampp\htdocs\propensi\framework\web\CController.php(265): CController->runActionWithFilters(Object(CInlineAction), Array)
#9 D:\xampp\htdocs\propensi\framework\web\CWebApplication.php(282): CController->run('create')
#10 D:\xampp\htdocs\propensi\framework\web\CWebApplication.php(141): CWebApplication->runController('aset/create')
#11 D:\xampp\htdocs\propensi\framework\base\CApplication.php(180): CWebApplication->processRequest()
#12 D:\xampp\htdocs\propensi\index.php(13): CApplication->run()
#13 {main}
REQUEST_URI=/propensi/aset/create
HTTP_REFERER=http://localhost/propensi/aset/index
---
2014/04/27 21:14:06 [error] [exception.CHttpException.403] exception 'CHttpException' with message 'Sorry, this page is only for Head of Laboratory' in D:\xampp\htdocs\propensi\protected\controllers\AsetController.php:68
Stack trace:
#0 D:\xampp\htdocs\propensi\framework\web\actions\CInlineAction.php(49): AsetController->actionCreate()
#1 D:\xampp\htdocs\propensi\framework\web\CController.php(308): CInlineAction->runWithParams(Array)
#2 D:\xampp\htdocs\propensi\framework\web\filters\CFilterChain.php(133): CController->runAction(Object(CInlineAction))
#3 D:\xampp\htdocs\propensi\framework\web\filters\CFilter.php(40): CFilterChain->run()
#4 D:\xampp\htdocs\propensi\framework\web\CController.php(1145): CFilter->filter(Object(CFilterChain))
#5 D:\xampp\htdocs\propensi\framework\web\filters\CInlineFilter.php(58): CController->filterAccessControl(Object(CFilterChain))
#6 D:\xampp\htdocs\propensi\framework\web\filters\CFilterChain.php(130): CInlineFilter->filter(Object(CFilterChain))
#7 D:\xampp\htdocs\propensi\framework\web\CController.php(291): CFilterChain->run()
#8 D:\xampp\htdocs\propensi\framework\web\CController.php(265): CController->runActionWithFilters(Object(CInlineAction), Array)
#9 D:\xampp\htdocs\propensi\framework\web\CWebApplication.php(282): CController->run('create')
#10 D:\xampp\htdocs\propensi\framework\web\CWebApplication.php(141): CWebApplication->runController('aset/create')
#11 D:\xampp\htdocs\propensi\framework\base\CApplication.php(180): CWebApplication->processRequest()
#12 D:\xampp\htdocs\propensi\index.php(13): CApplication->run()
#13 {main}
REQUEST_URI=/propensi/aset/create
HTTP_REFERER=http://localhost/propensi/aset/index
---
2014/04/27 21:14:14 [error] [exception.CHttpException.403] exception 'CHttpException' with message 'Sorry, this page is only for the Head of Laboratory' in D:\xampp\htdocs\propensi\protected\controllers\AsetController.php:68
Stack trace:
#0 D:\xampp\htdocs\propensi\framework\web\actions\CInlineAction.php(49): AsetController->actionCreate()
#1 D:\xampp\htdocs\propensi\framework\web\CController.php(308): CInlineAction->runWithParams(Array)
#2 D:\xampp\htdocs\propensi\framework\web\filters\CFilterChain.php(133): CController->runAction(Object(CInlineAction))
#3 D:\xampp\htdocs\propensi\framework\web\filters\CFilter.php(40): CFilterChain->run()
#4 D:\xampp\htdocs\propensi\framework\web\CController.php(1145): CFilter->filter(Object(CFilterChain))
#5 D:\xampp\htdocs\propensi\framework\web\filters\CInlineFilter.php(58): CController->filterAccessControl(Object(CFilterChain))
#6 D:\xampp\htdocs\propensi\framework\web\filters\CFilterChain.php(130): CInlineFilter->filter(Object(CFilterChain))
#7 D:\xampp\htdocs\propensi\framework\web\CController.php(291): CFilterChain->run()
#8 D:\xampp\htdocs\propensi\framework\web\CController.php(265): CController->runActionWithFilters(Object(CInlineAction), Array)
#9 D:\xampp\htdocs\propensi\framework\web\CWebApplication.php(282): CController->run('create')
#10 D:\xampp\htdocs\propensi\framework\web\CWebApplication.php(141): CWebApplication->runController('aset/create')
#11 D:\xampp\htdocs\propensi\framework\base\CApplication.php(180): CWebApplication->processRequest()
#12 D:\xampp\htdocs\propensi\index.php(13): CApplication->run()
#13 {main}
REQUEST_URI=/propensi/aset/create
HTTP_REFERER=http://localhost/propensi/aset/index
---
2014/04/27 21:36:14 [error] [php] Undefined variable: model (D:\xampp\htdocs\propensi\protected\views\publikasi\create.php:18)
Stack trace:
#0 D:\xampp\htdocs\propensi\framework\web\CController.php(869): PublikasiController->renderFile()
#1 D:\xampp\htdocs\propensi\framework\web\CController.php(782): PublikasiController->renderPartial()
#2 D:\xampp\htdocs\propensi\protected\controllers\PublikasiController.php(164): PublikasiController->render()
#3 D:\xampp\htdocs\propensi\framework\web\actions\CInlineAction.php(49): PublikasiController->actionIndex()
#4 D:\xampp\htdocs\propensi\framework\web\CController.php(308): CInlineAction->runWithParams()
#5 D:\xampp\htdocs\propensi\framework\web\filters\CFilterChain.php(133): PublikasiController->runAction()
#6 D:\xampp\htdocs\propensi\framework\web\filters\CFilter.php(40): CFilterChain->run()
#7 D:\xampp\htdocs\propensi\framework\web\CController.php(1145): CAccessControlFilter->filter()
#8 D:\xampp\htdocs\propensi\framework\web\filters\CInlineFilter.php(58): PublikasiController->filterAccessControl()
#9 D:\xampp\htdocs\propensi\framework\web\filters\CFilterChain.php(130): CInlineFilter->filter()
#10 D:\xampp\htdocs\propensi\framework\web\CController.php(291): CFilterChain->run()
#11 D:\xampp\htdocs\propensi\framework\web\CController.php(265): PublikasiController->runActionWithFilters()
#12 D:\xampp\htdocs\propensi\framework\web\CWebApplication.php(282): PublikasiController->run()
#13 D:\xampp\htdocs\propensi\framework\web\CWebApplication.php(141): CWebApplication->runController()
#14 D:\xampp\htdocs\propensi\framework\base\CApplication.php(180): CWebApplication->processRequest()
#15 D:\xampp\htdocs\propensi\index.php(13): CWebApplication->run()
REQUEST_URI=/propensi/publikasi/index
in D:\xampp\htdocs\propensi\protected\views\publikasi\create.php (18)
in D:\xampp\htdocs\propensi\protected\controllers\PublikasiController.php (164)
in D:\xampp\htdocs\propensi\index.php (13)
2014/04/27 21:39:57 [warning] [application] Failed to set unsafe attribute "judul" of "Publikasi".
in D:\xampp\htdocs\propensi\protected\controllers\PublikasiController.php (73)
in D:\xampp\htdocs\propensi\index.php (13)
2014/04/27 22:04:14 [warning] [application] Failed to set unsafe attribute "judul" of "Publikasi".
in D:\xampp\htdocs\propensi\protected\controllers\PublikasiController.php (73)
in D:\xampp\htdocs\propensi\index.php (13)
2014/04/28 11:40:39 [error] [php] Undefined variable: list (D:\xampp\htdocs\propensi\protected\views\lab\_form.php:36)
Stack trace:
#0 D:\xampp\htdocs\propensi\framework\web\CController.php(869): LabController->renderFile()
#1 D:\xampp\htdocs\propensi\protected\views\lab\create.php(18): LabController->renderPartial()
#2 D:\xampp\htdocs\propensi\framework\web\CBaseController.php(126): require()
#3 D:\xampp\htdocs\propensi\framework\web\CBaseController.php(95): LabController->renderInternal()
#4 D:\xampp\htdocs\propensi\framework\web\CController.php(869): LabController->renderFile()
#5 D:\xampp\htdocs\propensi\framework\web\CController.php(782): LabController->renderPartial()
#6 D:\xampp\htdocs\propensi\protected\controllers\LabController.php(82): LabController->render()
#7 D:\xampp\htdocs\propensi\framework\web\actions\CInlineAction.php(49): LabController->actionCreate()
#8 D:\xampp\htdocs\propensi\framework\web\CController.php(308): CInlineAction->runWithParams()
#9 D:\xampp\htdocs\propensi\framework\web\filters\CFilterChain.php(133): LabController->runAction()
#10 D:\xampp\htdocs\propensi\framework\web\filters\CFilter.php(40): CFilterChain->run()
#11 D:\xampp\htdocs\propensi\framework\web\CController.php(1145): CAccessControlFilter->filter()
#12 D:\xampp\htdocs\propensi\framework\web\filters\CInlineFilter.php(58): LabController->filterAccessControl()
#13 D:\xampp\htdocs\propensi\framework\web\filters\CFilterChain.php(130): CInlineFilter->filter()
#14 D:\xampp\htdocs\propensi\framework\web\CController.php(291): CFilterChain->run()
#15 D:\xampp\htdocs\propensi\framework\web\CController.php(265): LabController->runActionWithFilters()
#16 D:\xampp\htdocs\propensi\framework\web\CWebApplication.php(282): LabController->run()
#17 D:\xampp\htdocs\propensi\framework\web\CWebApplication.php(141): CWebApplication->runController()
#18 D:\xampp\htdocs\propensi\framework\base\CApplication.php(180): CWebApplication->processRequest()
#19 D:\xampp\htdocs\propensi\index.php(13): CWebApplication->run()
REQUEST_URI=/propensi/lab/create
in D:\xampp\htdocs\propensi\protected\views\lab\_form.php (36)
in D:\xampp\htdocs\propensi\protected\views\lab\create.php (18)
in D:\xampp\htdocs\propensi\protected\controllers\LabController.php (82)
2014/04/28 11:42:49 [error] [php] Undefined variable: mode (D:\xampp\htdocs\propensi\protected\views\lab\create.php:18)
Stack trace:
#0 D:\xampp\htdocs\propensi\framework\web\CController.php(869): LabController->renderFile()
#1 D:\xampp\htdocs\propensi\framework\web\CController.php(782): LabController->renderPartial()
#2 D:\xampp\htdocs\propensi\protected\controllers\LabController.php(83): LabController->render()
#3 D:\xampp\htdocs\propensi\framework\web\actions\CInlineAction.php(49): LabController->actionCreate()
#4 D:\xampp\htdocs\propensi\framework\web\CController.php(308): CInlineAction->runWithParams()
#5 D:\xampp\htdocs\propensi\framework\web\filters\CFilterChain.php(133): LabController->runAction()
#6 D:\xampp\htdocs\propensi\framework\web\filters\CFilter.php(40): CFilterChain->run()
#7 D:\xampp\htdocs\propensi\framework\web\CController.php(1145): CAccessControlFilter->filter()
#8 D:\xampp\htdocs\propensi\framework\web\filters\CInlineFilter.php(58): LabController->filterAccessControl()
#9 D:\xampp\htdocs\propensi\framework\web\filters\CFilterChain.php(130): CInlineFilter->filter()
#10 D:\xampp\htdocs\propensi\framework\web\CController.php(291): CFilterChain->run()
#11 D:\xampp\htdocs\propensi\framework\web\CController.php(265): LabController->runActionWithFilters()
#12 D:\xampp\htdocs\propensi\framework\web\CWebApplication.php(282): LabController->run()
#13 D:\xampp\htdocs\propensi\framework\web\CWebApplication.php(141): CWebApplication->runController()
#14 D:\xampp\htdocs\propensi\framework\base\CApplication.php(180): CWebApplication->processRequest()
#15 D:\xampp\htdocs\propensi\index.php(13): CWebApplication->run()
REQUEST_URI=/propensi/lab/create
in D:\xampp\htdocs\propensi\protected\views\lab\create.php (18)
in D:\xampp\htdocs\propensi\protected\controllers\LabController.php (83)
in D:\xampp\htdocs\propensi\index.php (13)
2014/04/28 11:49:35 [error] [php] Trying to get property of non-object (D:\xampp\htdocs\propensi\protected\controllers\PublikasiController.php:68)
Stack trace:
#0 D:\xampp\htdocs\propensi\framework\web\filters\CFilterChain.php(133): PublikasiController->runAction()
#1 D:\xampp\htdocs\propensi\framework\web\filters\CFilter.php(40): CFilterChain->run()
#2 D:\xampp\htdocs\propensi\framework\web\CController.php(1145): CAccessControlFilter->filter()
#3 D:\xampp\htdocs\propensi\framework\web\filters\CInlineFilter.php(58): PublikasiController->filterAccessControl()
#4 D:\xampp\htdocs\propensi\framework\web\filters\CFilterChain.php(130): CInlineFilter->filter()
#5 D:\xampp\htdocs\propensi\framework\web\CController.php(291): CFilterChain->run()
#6 D:\xampp\htdocs\propensi\framework\web\CController.php(265): PublikasiController->runActionWithFilters()
#7 D:\xampp\htdocs\propensi\framework\web\CWebApplication.php(282): PublikasiController->run()
#8 D:\xampp\htdocs\propensi\framework\web\CWebApplication.php(141): CWebApplication->runController()
#9 D:\xampp\htdocs\propensi\framework\base\CApplication.php(180): CWebApplication->processRequest()
#10 D:\xampp\htdocs\propensi\index.php(13): CWebApplication->run()
REQUEST_URI=/propensi/publikasi/create
in D:\xampp\htdocs\propensi\protected\controllers\PublikasiController.php (68)
in D:\xampp\htdocs\propensi\index.php (13)
2014/04/28 11:57:03 [error] [php] Trying to get property of non-object (D:\xampp\htdocs\propensi\protected\controllers\PublikasiController.php:68)
Stack trace:
#0 D:\xampp\htdocs\propensi\framework\web\filters\CFilterChain.php(133): PublikasiController->runAction()
#1 D:\xampp\htdocs\propensi\framework\web\filters\CFilter.php(40): CFilterChain->run()
#2 D:\xampp\htdocs\propensi\framework\web\CController.php(1145): CAccessControlFilter->filter()
#3 D:\xampp\htdocs\propensi\framework\web\filters\CInlineFilter.php(58): PublikasiController->filterAccessControl()
#4 D:\xampp\htdocs\propensi\framework\web\filters\CFilterChain.php(130): CInlineFilter->filter()
#5 D:\xampp\htdocs\propensi\framework\web\CController.php(291): CFilterChain->run()
#6 D:\xampp\htdocs\propensi\framework\web\CController.php(265): PublikasiController->runActionWithFilters()
#7 D:\xampp\htdocs\propensi\framework\web\CWebApplication.php(282): PublikasiController->run()
#8 D:\xampp\htdocs\propensi\framework\web\CWebApplication.php(141): CWebApplication->runController()
#9 D:\xampp\htdocs\propensi\framework\base\CApplication.php(180): CWebApplication->processRequest()
#10 D:\xampp\htdocs\propensi\index.php(13): CWebApplication->run()
REQUEST_URI=/propensi/publikasi/create
in D:\xampp\htdocs\propensi\protected\controllers\PublikasiController.php (68)
in D:\xampp\htdocs\propensi\index.php (13)
2014/04/28 11:59:46 [error] [exception.CHttpException.403] exception 'CHttpException' with message 'You are not authorized to perform this action.' in D:\xampp\htdocs\propensi\framework\web\auth\CAccessControlFilter.php:182
Stack trace:
#0 D:\xampp\htdocs\propensi\framework\web\auth\CAccessControlFilter.php(145): CAccessControlFilter->accessDenied(Object(ExtUser), 'You are not aut...')
#1 D:\xampp\htdocs\propensi\framework\web\filters\CFilter.php(38): CAccessControlFilter->preFilter(Object(CFilterChain))
#2 D:\xampp\htdocs\propensi\framework\web\CController.php(1145): CFilter->filter(Object(CFilterChain))
#3 D:\xampp\htdocs\propensi\framework\web\filters\CInlineFilter.php(58): CController->filterAccessControl(Object(CFilterChain))
#4 D:\xampp\htdocs\propensi\framework\web\filters\CFilterChain.php(130): CInlineFilter->filter(Object(CFilterChain))
#5 D:\xampp\htdocs\propensi\framework\web\CController.php(291): CFilterChain->run()
#6 D:\xampp\htdocs\propensi\framework\web\CController.php(265): CController->runActionWithFilters(Object(CInlineAction), Array)
#7 D:\xampp\htdocs\propensi\framework\web\CWebApplication.php(282): CController->run('create')
#8 D:\xampp\htdocs\propensi\framework\web\CWebApplication.php(141): CWebApplication->runController('publikasi/creat...')
#9 D:\xampp\htdocs\propensi\framework\base\CApplication.php(180): CWebApplication->processRequest()
#10 D:\xampp\htdocs\propensi\index.php(13): CApplication->run()
#11 {main}
REQUEST_URI=/propensi/publikasi/create
HTTP_REFERER=http://localhost/propensi/lab/create
---
2014/04/28 12:00:24 [warning] [application] Failed to set unsafe attribute "judul" of "Publikasi".
in D:\xampp\htdocs\propensi\protected\controllers\PublikasiController.php (73)
in D:\xampp\htdocs\propensi\index.php (13)
2014/04/28 12:01:31 [warning] [application] Failed to set unsafe attribute "judul" of "Publikasi".
in D:\xampp\htdocs\propensi\protected\controllers\PublikasiController.php (118)
in D:\xampp\htdocs\propensi\index.php (13)
2014/04/28 12:11:33 [error] [exception.CException] exception 'CException' with message 'Property "CActiveDataProvider.condition" is not defined.' in D:\xampp\htdocs\propensi\framework\base\CComponent.php:173
Stack trace:
#0 D:\xampp\htdocs\propensi\framework\web\CActiveDataProvider.php(96): CComponent->__set('condition', 'id_lab=5')
#1 D:\xampp\htdocs\propensi\protected\controllers\AsetController.php(136): CActiveDataProvider->__construct('Aset', Array)
#2 D:\xampp\htdocs\propensi\framework\web\actions\CInlineAction.php(49): AsetController->actionIndex()
#3 D:\xampp\htdocs\propensi\framework\web\CController.php(308): CInlineAction->runWithParams(Array)
#4 D:\xampp\htdocs\propensi\framework\web\filters\CFilterChain.php(133): CController->runAction(Object(CInlineAction))
#5 D:\xampp\htdocs\propensi\framework\web\filters\CFilter.php(40): CFilterChain->run()
#6 D:\xampp\htdocs\propensi\framework\web\CController.php(1145): CFilter->filter(Object(CFilterChain))
#7 D:\xampp\htdocs\propensi\framework\web\filters\CInlineFilter.php(58): CController->filterAccessControl(Object(CFilterChain))
#8 D:\xampp\htdocs\propensi\framework\web\filters\CFilterChain.php(130): CInlineFilter->filter(Object(CFilterChain))
#9 D:\xampp\htdocs\propensi\framework\web\CController.php(291): CFilterChain->run()
#10 D:\xampp\htdocs\propensi\framework\web\CController.php(265): CController->runActionWithFilters(Object(CInlineAction), Array)
#11 D:\xampp\htdocs\propensi\framework\web\CWebApplication.php(282): CController->run('index')
#12 D:\xampp\htdocs\propensi\framework\web\CWebApplication.php(141): CWebApplication->runController('aset/index')
#13 D:\xampp\htdocs\propensi\framework\base\CApplication.php(180): CWebApplication->processRequest()
#14 D:\xampp\htdocs\propensi\index.php(13): CApplication->run()
#15 {main}
REQUEST_URI=/propensi/aset/index
HTTP_REFERER=http://localhost/propensi/aset/11
---
